This is pdfTeX, Version 3.14159265-2.6-1.40.21 (MiKTeX 20.11) (preloaded format=pdflatex 2020.11.23)  11 FEB 2021 11:40
entering extended mode
**c:/Users/manue/Documents/GitHub/Phi-LAB/Cover/Cover.tex
(c:/Users/manue/Documents/GitHub/Phi-LAB/Cover/Cover.tex
LaTeX2e <2020-10-01> patch level 2
L3 programming layer <2020-10-27> xparse <2020-03-03> (C:\Users\manue\AppData\Local\Programs\MiKTeX\tex/latex/base\report.cls
Document Class: report 2020/04/10 v1.4m Standard LaTeX document class
(C:\Users\manue\AppData\Local\Programs\MiKTeX\tex/latex/base\size12.clo
File: size12.clo 2020/04/10 v1.4m Standard LaTeX file (size option)
)
\c@part=\count175
\c@chapter=\count176
\c@section=\count177
\c@subsection=\count178
\c@subsubsection=\count179
\c@paragraph=\count180
\c@subparagraph=\count181
\c@figure=\count182
\c@table=\count183
\abovecaptionskip=\skip47
\belowcaptionskip=\skip48
\bibindent=\dimen138
) (C:\Users\manue\AppData\Local\Programs\MiKTeX\tex/latex/geometry\geometry.sty
Package: geometry 2020/01/02 v5.9 Page Geometry
 (C:\Users\manue\AppData\Local\Programs\MiKTeX\tex/latex/graphics\keyval.sty
Package: keyval 2014/10/28 v1.15 key=value parser (DPC)
\KV@toks@=\toks15
) (C:\Users\manue\AppData\Local\Programs\MiKTeX\tex/generic/iftex\ifvtex.sty
Package: ifvtex 2019/10/25 v1.7 ifvtex legacy package. Use iftex instead.
 (C:\Users\manue\AppData\Local\Programs\MiKTeX\tex/generic/iftex\iftex.sty
Package: iftex 2020/03/06 v1.0d TeX engine tests
))
\Gm@cnth=\count184
\Gm@cntv=\count185
\c@Gm@tempcnt=\count186
\Gm@bindingoffset=\dimen139
\Gm@wd@mp=\dimen140
\Gm@odd@mp=\dimen141
\Gm@even@mp=\dimen142
\Gm@layoutwidth=\dimen143
\Gm@layoutheight=\dimen144
\Gm@layouthoffset=\dimen145
\Gm@layoutvoffset=\dimen146
\Gm@dimlist=\toks16
 (C:\Users\manue\AppData\Local\Programs\MiKTeX\tex/latex/geometry\geometry.cfg)) (C:\Users\manue\AppData\Local\Programs\MiKTeX\tex/latex/graphics\graphicx.sty
Package: graphicx 2020/09/09 v1.2b Enhanced LaTeX Graphics (DPC,SPQR)
 (C:\Users\manue\AppData\Local\Programs\MiKTeX\tex/latex/graphics\graphics.sty
Package: graphics 2020/08/30 v1.4c Standard LaTeX Graphics (DPC,SPQR)
 (C:\Users\manue\AppData\Local\Programs\MiKTeX\tex/latex/graphics\trig.sty
Package: trig 2016/01/03 v1.10 sin cos tan (DPC)
) (C:\Users\manue\AppData\Local\Programs\MiKTeX\tex/latex/graphics-cfg\graphics.cfg
File: graphics.cfg 2016/06/04 v1.11 sample graphics configuration
)
Package graphics Info: Driver file: pdftex.def on input line 105.
 (C:\Users\manue\AppData\Local\Programs\MiKTeX\tex/latex/graphics-def\pdftex.def
File: pdftex.def 2020/10/05 v1.2a Graphics/color driver for pdftex
))
\Gin@req@height=\dimen147
\Gin@req@width=\dimen148
) (C:\Users\manue\AppData\Local\Programs\MiKTeX\tex/latex/anyfontsize\anyfontsize.sty
Package: anyfontsize 2007/11/22 anyfontsize.sty by pts
) (C:\Users\manue\AppData\Local\Programs\MiKTeX\tex/latex/xcolor\xcolor.sty
Package: xcolor 2016/05/11 v2.12 LaTeX color extensions (UK)
 (C:\Users\manue\AppData\Local\Programs\MiKTeX\tex/latex/graphics-cfg\color.cfg
File: color.cfg 2016/01/02 v1.6 sample color configuration
)
Package xcolor Info: Driver file: pdftex.def on input line 225.
Package xcolor Info: Model `cmy' substituted by `cmy0' on input line 1348.
Package xcolor Info: Model `hsb' substituted by `rgb' on input line 1352.
Package xcolor Info: Model `RGB' extended on input line 1364.
Package xcolor Info: Model `HTML' substituted by `rgb' on input line 1366.
Package xcolor Info: Model `Hsb' substituted by `hsb' on input line 1367.
Package xcolor Info: Model `tHsb' substituted by `hsb' on input line 1368.
Package xcolor Info: Model `HSB' substituted by `hsb' on input line 1369.
Package xcolor Info: Model `Gray' substituted by `gray' on input line 1370.
Package xcolor Info: Model `wave' substituted by `hsb' on input line 1371.
) (C:\Users\manue\AppData\Local\Programs\MiKTeX\tex/latex/base\ifthen.sty
Package: ifthen 2014/09/29 v1.1c Standard LaTeX ifthen package (DPC)
) (C:\Users\manue\AppData\Local\Programs\MiKTeX\tex/latex/base\inputenc.sty
Package: inputenc 2020/08/01 v1.3d Input encoding file
\inpenc@prehook=\toks17
\inpenc@posthook=\toks18
) (C:\Users\manue\AppData\Local\Programs\MiKTeX\tex/latex/base\fontenc.sty
Package: fontenc 2020/08/10 v2.0s Standard LaTeX package
) (C:\Users\manue\AppData\Local\Programs\MiKTeX\tex/generic/german\ngerman.sty v2.5e 1998-07-08
Package: ngerman 1998/07/08 v2.5e Support for writing german texts (br)
\grmnU@D=\dimen149
ngerman -- \language number for naustrian undefined, default 48 used.
) (C:\Users\manue\AppData\Local\Programs\MiKTeX\tex/latex/arial\uarial.sty
Package: uarial 2006/03/21 1.0 (WaS)
) (C:\Users\manue\AppData\Local\Programs\MiKTeX\tex/latex/textpos\textpos.sty
Package: textpos 2020/09/26 v1.10

Package: textpos 2020/09/26 1.10, absolute positioning of text on the page
Package textpos Info: choosing support for LaTeX3 on input line 61.
\TP@textbox=\box47
\TP@holdbox=\box48
\TPHorizModule=\dimen150
\TPVertModule=\dimen151
\TP@margin=\dimen152
\TP@absmargin=\dimen153
Grid set 16 x 16 = 37.34424pt x 52.81541pt
\TPboxrulesize=\dimen154
\TP@ox=\dimen155
\TP@oy=\dimen156
\TP@tbargs=\toks19
TextBlockOrigin set to 0pt x 0pt
) (C:\Users\manue\AppData\Local\Programs\MiKTeX\tex/latex/amsfonts\amsfonts.sty
Package: amsfonts 2013/01/14 v3.01 Basic AMSFonts support
\@emptytoks=\toks20
\symAMSa=\mathgroup4
\symAMSb=\mathgroup5
LaTeX Font Info:    Redeclaring math symbol \hbar on input line 98.
LaTeX Font Info:    Overwriting math alphabet `\mathfrak' in version `bold'
(Font)                  U/euf/m/n --> U/euf/b/n on input line 106.
) (C:\Users\manue\AppData\Local\Programs\MiKTeX\tex/latex/xstring\xstring.sty (C:\Users\manue\AppData\Local\Programs\MiKTeX\tex/generic/xstring\xstring.tex
\integerpart=\count187
\decimalpart=\count188
)
Package: xstring 2019/02/06 v1.83 String manipulations (CT)
) (C:\Users\manue\AppData\Local\Programs\MiKTeX\tex/latex/l3backend\l3backend-pdftex.def
File: l3backend-pdftex.def 2020-09-24 L3 backend support: PDF output (pdfTeX)
\l__kernel_color_stack_int=\count189
\l__pdf_internal_box=\box49
) (c:/Users\manue\Documents\GitHub\Phi-LAB\Cover\Cover.aux)
\openout1 = `Cover.aux'.

LaTeX Font Info:    Checking defaults for OML/cmm/m/it on input line 49.
LaTeX Font Info:    ... okay on input line 49.
LaTeX Font Info:    Checking defaults for OMS/cmsy/m/n on input line 49.
LaTeX Font Info:    ... okay on input line 49.
LaTeX Font Info:    Checking defaults for OT1/cmr/m/n on input line 49.
LaTeX Font Info:    ... okay on input line 49.
LaTeX Font Info:    Checking defaults for T1/cmr/m/n on input line 49.
LaTeX Font Info:    ... okay on input line 49.
LaTeX Font Info:    Checking defaults for TS1/cmr/m/n on input line 49.
LaTeX Font Info:    ... okay on input line 49.
LaTeX Font Info:    Checking defaults for OMX/cmex/m/n on input line 49.
LaTeX Font Info:    ... okay on input line 49.
LaTeX Font Info:    Checking defaults for U/cmr/m/n on input line 49.
LaTeX Font Info:    ... okay on input line 49.

*geometry* driver: auto-detecting
*geometry* detected driver: pdftex
*geometry* verbose mode - [ preamble ] result:
* driver: pdftex
* paper: a4paper
* layout: <same size as paper>
* layoutoffset:(h,v)=(0.0pt,0.0pt)
* modes: 
* h-part:(L,W,R)=(56.9055pt, 483.69687pt, 56.9055pt)
* v-part:(T,H,B)=(85.35826pt, 702.78308pt, 56.9055pt)
* \paperwidth=597.50787pt
* \paperheight=845.04684pt
* \textwidth=483.69687pt
* \textheight=702.78308pt
* \oddsidemargin=-15.36449pt
* \evensidemargin=-15.36449pt
* \topmargin=-23.91173pt
* \headheight=12.0pt
* \headsep=25.0pt
* \topskip=12.0pt
* \footskip=30.0pt
* \marginparwidth=35.0pt
* \marginparsep=10.0pt
* \columnsep=10.0pt
* \skip\footins=10.8pt plus 4.0pt minus 2.0pt
* \hoffset=0.0pt
* \voffset=0.0pt
* \mag=1000
* \@twocolumnfalse
* \@twosidefalse
* \@mparswitchfalse
* \@reversemarginfalse
* (1in=72.27pt=25.4mm, 1cm=28.453pt)

(C:\Users\manue\AppData\Local\Programs\MiKTeX\tex/context/base/mkii\supp-pdf.mkii
[Loading MPS to PDF converter (version 2006.09.02).]
\scratchcounter=\count190
\scratchdimen=\dimen157
\scratchbox=\box50
\nofMPsegments=\count191
\nofMParguments=\count192
\everyMPshowfont=\toks21
\MPscratchCnt=\count193
\MPscratchDim=\dimen158
\MPnumerator=\count194
\makeMPintoPDFobject=\count195
\everyMPtoPDFconversion=\toks22
) (C:\Users\manue\AppData\Local\Programs\MiKTeX\tex/latex/epstopdf-pkg\epstopdf-base.sty
Package: epstopdf-base 2020-01-24 v2.11 Base part for package epstopdf
Package epstopdf-base Info: Redefining graphics rule for `.eps' on input line 485.
)
LaTeX Font Info:    Trying to load font information for T1+ua1 on input line 53.
 (C:\Users\manue\AppData\Local\Programs\MiKTeX\tex/latex/arial\t1ua1.fd
File: t1ua1.fd 2006/03/21 Fontinst v1.928 font definitions for T1/ua1.
)
LaTeX Font Info:    Font shape `T1/ua1/m/n' will be
(Font)              scaled to size 19.70294pt on input line 53.
LaTeX Font Info:    Font shape `T1/ua1/b/n' will be
(Font)              scaled to size 19.70294pt on input line 53.
LaTeX Font Info:    Font shape `T1/ua1/m/n' will be
(Font)              scaled to size 37.99988pt on input line 55.
LaTeX Font Info:    Font shape `T1/ua1/b/n' will be
(Font)              scaled to size 37.99988pt on input line 55.
LaTeX Font Info:    Font shape `T1/ua1/m/n' will be
(Font)              scaled to size 16.41594pt on input line 57.
LaTeX Font Info:    Font shape `T1/ua1/m/n' will be
(Font)              scaled to size 66.49979pt on input line 79.
LaTeX Font Info:    Font shape `T1/ua1/b/n' will be
(Font)              scaled to size 66.49979pt on input line 79.
<justLogo/UniBTNotagreen.png, id=1, 169.1775pt x 168.90375pt>
File: justLogo/UniBTNotagreen.png Graphic file (type png)
<use justLogo/UniBTNotagreen.png>
Package pdftex.def Info: justLogo/UniBTNotagreen.png  used on input line 111.
(pdftex.def)             Requested size: 56.9055pt x 56.81311pt.
 [1

{C:/Users/manue/AppData/Local/MiKTeX/pdftex/config/pdftex.map} <c:/Users/manue/Documents/GitHub/Phi-LAB/Cover/justLogo/UniBTNotagreen.png>] (c:/Users\manue\Documents\GitHub\Phi-LAB\Cover\Cover.aux) ) 
Here is how much of TeX's memory you used:
 3169 strings out of 479799
 44524 string characters out of 2869722
 324417 words of memory out of 3000000
 20140 multiletter control sequences out of 15000+200000
 574456 words of font info for 44 fonts, out of 3000000 for 9000
 1141 hyphenation exceptions out of 8191
 66i,6n,72p,274b,338s stack positions out of 5000i,500n,10000p,200000b,50000s
{C:/Users/manue/AppData/Local/Programs/MiKTeX/fonts/enc/dvips/base/8r.enc}<C:/Users/manue/AppData/Local/Programs/MiKTeX/fonts/type1/urw/arial/ua1b8a.pfb><C:/Users/manue/AppData/Local/Programs/MiKTeX/fonts/type1/urw/arial/ua1r8a.pfb>
Output written on c:/Users\manue\Documents\GitHub\Phi-LAB\Cover\Cover.pdf (1 page, 15753 bytes).
PDF statistics:
 18 PDF objects out of 1000 (max. 8388607)
 0 named destinations out of 1000 (max. 500000)
 6 words of extra memory for PDF output out of 10000 (max. 10000000)

