This is pdfTeX, Version 3.14159265-2.6-1.40.21 (MiKTeX 20.11) (preloaded format=pdflatex 2020.11.23)  14 MAR 2021 11:19
entering extended mode
**"c:/Users/manue/Documents/GitHub/PhyPraktikum/Versuch_Titel/00 Cover/Cover.tex"
("c:/Users/manue/Documents/GitHub/PhyPraktikum/Versuch_Titel/00 Cover/Cover.tex"
LaTeX2e <2020-10-01> patch level 2
L3 programming layer <2020-10-27> xparse <2020-03-03>
c:/Users/manue/Documents/GitHub/PhyPraktikum/Versuch_Titel/00 Cover/Cover.tex:2: Undefined control sequence.
l.2 \definecolor
                {Notablue}{HTML}{3498DB}		%Theoretische Physik
The control sequence at the end of the top line
of your error message was never \def'ed. If you have
misspelled it (e.g., `\hobx'), type `I' and the correct
spelling (e.g., `I\hbox'). Otherwise just continue,
and I'll forget about whatever was undefined.


c:/Users/manue/Documents/GitHub/PhyPraktikum/Versuch_Titel/00 Cover/Cover.tex:2: LaTeX Error: Missing \begin{document}.

See the LaTeX manual or LaTeX Companion for explanation.
Type  H <return>  for immediate help.
 ...                                              
                                                  
l.2 \definecolor{N
                  otablue}{HTML}{3498DB}		%Theoretische Physik
You're in trouble here.  Try typing  <return>  to proceed.
If that doesn't work, type  X <return>  to quit.

Missing character: There is no N in font nullfont!
Missing character: There is no o in font nullfont!
Missing character: There is no t in font nullfont!
Missing character: There is no a in font nullfont!
Missing character: There is no b in font nullfont!
Missing character: There is no l in font nullfont!
Missing character: There is no u in font nullfont!
Missing character: There is no e in font nullfont!
Missing character: There is no H in font nullfont!
Missing character: There is no T in font nullfont!
Missing character: There is no M in font nullfont!
Missing character: There is no L in font nullfont!
Missing character: There is no 3 in font nullfont!
Missing character: There is no 4 in font nullfont!
Missing character: There is no 9 in font nullfont!
Missing character: There is no 8 in font nullfont!
Missing character: There is no D in font nullfont!
Missing character: There is no B in font nullfont!
c:/Users/manue/Documents/GitHub/PhyPraktikum/Versuch_Titel/00 Cover/Cover.tex:3: Undefined control sequence.
l.3 \definecolor
                {Notared}{HTML}{CF366C}			%Mathematik
The control sequence at the end of the top line
of your error message was never \def'ed. If you have
misspelled it (e.g., `\hobx'), type `I' and the correct
spelling (e.g., `I\hbox'). Otherwise just continue,
and I'll forget about whatever was undefined.

Missing character: There is no N in font nullfont!
Missing character: There is no o in font nullfont!
Missing character: There is no t in font nullfont!
Missing character: There is no a in font nullfont!
Missing character: There is no r in font nullfont!
Missing character: There is no e in font nullfont!
Missing character: There is no d in font nullfont!
Missing character: There is no H in font nullfont!
Missing character: There is no T in font nullfont!
Missing character: There is no M in font nullfont!
Missing character: There is no L in font nullfont!
Missing character: There is no C in font nullfont!
Missing character: There is no F in font nullfont!
Missing character: There is no 3 in font nullfont!
Missing character: There is no 6 in font nullfont!
Missing character: There is no 6 in font nullfont!
Missing character: There is no C in font nullfont!
c:/Users/manue/Documents/GitHub/PhyPraktikum/Versuch_Titel/00 Cover/Cover.tex:4: Undefined control sequence.
l.4 \definecolor
                {Notagreen}{HTML}{19B092}		%Experimentalphysik
The control sequence at the end of the top line
of your error message was never \def'ed. If you have
misspelled it (e.g., `\hobx'), type `I' and the correct
spelling (e.g., `I\hbox'). Otherwise just continue,
and I'll forget about whatever was undefined.

Missing character: There is no N in font nullfont!
Missing character: There is no o in font nullfont!
Missing character: There is no t in font nullfont!
Missing character: There is no a in font nullfont!
Missing character: There is no g in font nullfont!
Missing character: There is no r in font nullfont!
Missing character: There is no e in font nullfont!
Missing character: There is no e in font nullfont!
Missing character: There is no n in font nullfont!
Missing character: There is no H in font nullfont!
Missing character: There is no T in font nullfont!
Missing character: There is no M in font nullfont!
Missing character: There is no L in font nullfont!
Missing character: There is no 1 in font nullfont!
Missing character: There is no 9 in font nullfont!
Missing character: There is no B in font nullfont!
Missing character: There is no 0 in font nullfont!
Missing character: There is no 9 in font nullfont!
Missing character: There is no 2 in font nullfont!
c:/Users/manue/Documents/GitHub/PhyPraktikum/Versuch_Titel/00 Cover/Cover.tex:5: Undefined control sequence.
l.5 \definecolor
                {Notaorange}{HTML}{FA9D00}		%Chemie/Wahlfach nicht physikalisch
The control sequence at the end of the top line
of your error message was never \def'ed. If you have
misspelled it (e.g., `\hobx'), type `I' and the correct
spelling (e.g., `I\hbox'). Otherwise just continue,
and I'll forget about whatever was undefined.

Missing character: There is no N in font nullfont!
Missing character: There is no o in font nullfont!
Missing character: There is no t in font nullfont!
Missing character: There is no a in font nullfont!
Missing character: There is no o in font nullfont!
Missing character: There is no r in font nullfont!
Missing character: There is no a in font nullfont!
Missing character: There is no n in font nullfont!
Missing character: There is no g in font nullfont!
Missing character: There is no e in font nullfont!
Missing character: There is no H in font nullfont!
Missing character: There is no T in font nullfont!
Missing character: There is no M in font nullfont!
Missing character: There is no L in font nullfont!
Missing character: There is no F in font nullfont!
Missing character: There is no A in font nullfont!
Missing character: There is no 9 in font nullfont!
Missing character: There is no D in font nullfont!
Missing character: There is no 0 in font nullfont!
Missing character: There is no 0 in font nullfont!
c:/Users/manue/Documents/GitHub/PhyPraktikum/Versuch_Titel/00 Cover/Cover.tex:6: Undefined control sequence.
l.6 \definecolor
                {Notagrey}{HTML}{969696}		%Praktikum
The control sequence at the end of the top line
of your error message was never \def'ed. If you have
misspelled it (e.g., `\hobx'), type `I' and the correct
spelling (e.g., `I\hbox'). Otherwise just continue,
and I'll forget about whatever was undefined.

Missing character: There is no N in font nullfont!
Missing character: There is no o in font nullfont!
Missing character: There is no t in font nullfont!
Missing character: There is no a in font nullfont!
Missing character: There is no g in font nullfont!
Missing character: There is no r in font nullfont!
Missing character: There is no e in font nullfont!
Missing character: There is no y in font nullfont!
Missing character: There is no H in font nullfont!
Missing character: There is no T in font nullfont!
Missing character: There is no M in font nullfont!
Missing character: There is no L in font nullfont!
Missing character: There is no 9 in font nullfont!
Missing character: There is no 6 in font nullfont!
Missing character: There is no 9 in font nullfont!
Missing character: There is no 6 in font nullfont!
Missing character: There is no 9 in font nullfont!
Missing character: There is no 6 in font nullfont!
c:/Users/manue/Documents/GitHub/PhyPraktikum/Versuch_Titel/00 Cover/Cover.tex:7: Undefined control sequence.
l.7 \definecolor
                {Notalavendel}{HTML}{9DBBD8}	%Wahlfächer physikalisch
The control sequence at the end of the top line
of your error message was never \def'ed. If you have
misspelled it (e.g., `\hobx'), type `I' and the correct
spelling (e.g., `I\hbox'). Otherwise just continue,
and I'll forget about whatever was undefined.

Missing character: There is no N in font nullfont!
Missing character: There is no o in font nullfont!
Missing character: There is no t in font nullfont!
Missing character: There is no a in font nullfont!
Missing character: There is no l in font nullfont!
Missing character: There is no a in font nullfont!
Missing character: There is no v in font nullfont!
Missing character: There is no e in font nullfont!
Missing character: There is no n in font nullfont!
Missing character: There is no d in font nullfont!
Missing character: There is no e in font nullfont!
Missing character: There is no l in font nullfont!
Missing character: There is no H in font nullfont!
Missing character: There is no T in font nullfont!
Missing character: There is no M in font nullfont!
Missing character: There is no L in font nullfont!
Missing character: There is no 9 in font nullfont!
Missing character: There is no D in font nullfont!
Missing character: There is no B in font nullfont!
Missing character: There is no B in font nullfont!
Missing character: There is no D in font nullfont!
Missing character: There is no 8 in font nullfont!
c:/Users/manue/Documents/GitHub/PhyPraktikum/Versuch_Titel/00 Cover/Cover.tex:8: Undefined control sequence.
l.8 \definecolor
                {SPKred}{HTML}{E60005}
The control sequence at the end of the top line
of your error message was never \def'ed. If you have
misspelled it (e.g., `\hobx'), type `I' and the correct
spelling (e.g., `I\hbox'). Otherwise just continue,
and I'll forget about whatever was undefined.

Missing character: There is no S in font nullfont!
Missing character: There is no P in font nullfont!
Missing character: There is no K in font nullfont!
Missing character: There is no r in font nullfont!
Missing character: There is no e in font nullfont!
Missing character: There is no d in font nullfont!
Missing character: There is no H in font nullfont!
Missing character: There is no T in font nullfont!
Missing character: There is no M in font nullfont!
Missing character: There is no L in font nullfont!
Missing character: There is no E in font nullfont!
Missing character: There is no 6 in font nullfont!
Missing character: There is no 0 in font nullfont!
Missing character: There is no 0 in font nullfont!
Missing character: There is no 0 in font nullfont!
Missing character: There is no 5 in font nullfont!

Overfull \hbox (20.0pt too wide) in paragraph at lines 2--9
[]
 []

c:/Users/manue/Documents/GitHub/PhyPraktikum/Versuch_Titel/00 Cover/Cover.tex:11: Undefined control sequence.
l.11 \newboolean
                {twoRows}
The control sequence at the end of the top line
of your error message was never \def'ed. If you have
misspelled it (e.g., `\hobx'), type `I' and the correct
spelling (e.g., `I\hbox'). Otherwise just continue,
and I'll forget about whatever was undefined.


c:/Users/manue/Documents/GitHub/PhyPraktikum/Versuch_Titel/00 Cover/Cover.tex:11: LaTeX Error: Missing \begin{document}.

See the LaTeX manual or LaTeX Companion for explanation.
Type  H <return>  for immediate help.
 ...                                              
                                                  
l.11 \newboolean{t
                  woRows}
You're in trouble here.  Try typing  <return>  to proceed.
If that doesn't work, type  X <return>  to quit.

Missing character: There is no t in font nullfont!
Missing character: There is no w in font nullfont!
Missing character: There is no o in font nullfont!
Missing character: There is no R in font nullfont!
Missing character: There is no o in font nullfont!
Missing character: There is no w in font nullfont!
Missing character: There is no s in font nullfont!
c:/Users/manue/Documents/GitHub/PhyPraktikum/Versuch_Titel/00 Cover/Cover.tex:12: Undefined control sequence.
l.12 \newboolean
                {symbol}
The control sequence at the end of the top line
of your error message was never \def'ed. If you have
misspelled it (e.g., `\hobx'), type `I' and the correct
spelling (e.g., `I\hbox'). Otherwise just continue,
and I'll forget about whatever was undefined.

Missing character: There is no s in font nullfont!
Missing character: There is no y in font nullfont!
Missing character: There is no m in font nullfont!
Missing character: There is no b in font nullfont!
Missing character: There is no o in font nullfont!
Missing character: There is no l in font nullfont!

Overfull \hbox (20.0pt too wide) in paragraph at lines 11--13
[]
 []


c:/Users/manue/Documents/GitHub/PhyPraktikum/Versuch_Titel/00 Cover/Cover.tex:30: LaTeX Error: Environment titlepage undefined.

See the LaTeX manual or LaTeX Companion for explanation.
Type  H <return>  for immediate help.
 ...                                              
                                                  
l.30 \begin{titlepage}
                      
Your command was ignored.
Type  I <command> <return>  to replace it with another command,
or  <return>  to continue without it.

c:/Users/manue/Documents/GitHub/PhyPraktikum/Versuch_Titel/00 Cover/Cover.tex:33: Undefined control sequence.
l.33 	{\LARGE
              \sffamily {\textbf{\bottom}\par}}
The control sequence at the end of the top line
of your error message was never \def'ed. If you have
misspelled it (e.g., `\hobx'), type `I' and the correct
spelling (e.g., `I\hbox'). Otherwise just continue,
and I'll forget about whatever was undefined.


c:/Users/manue/Documents/GitHub/PhyPraktikum/Versuch_Titel/00 Cover/Cover.tex:33: LaTeX Error: Missing \begin{document}.

See the LaTeX manual or LaTeX Companion for explanation.
Type  H <return>  for immediate help.
 ...                                              
                                                  
l.33 	{\LARGE \sffamily {\textbf{\bottom}
                                         \par}}
You're in trouble here.  Try typing  <return>  to proceed.
If that doesn't work, type  X <return>  to quit.


Overfull \hbox (38.50021pt too wide) in paragraph at lines 33--33
 []\OT1/cmss/bx/n/10 WS2020 
 []


LaTeX Font Warning: Font shape `OT1/cmss/m/n' in size <40> not available
(Font)              size <24.88> substituted on input line 35.


c:/Users/manue/Documents/GitHub/PhyPraktikum/Versuch_Titel/00 Cover/Cover.tex:35: LaTeX Error: Missing \begin{document}.

See the LaTeX manual or LaTeX Companion for explanation.
Type  H <return>  for immediate help.
 ...                                              
                                                  
l.35 ...leline{\textcolor{\farbe}{\textbf{\fach}}}
                                                  \par}
You're in trouble here.  Try typing  <return>  to proceed.
If that doesn't work, type  X <return>  to quit.

c:/Users/manue/Documents/GitHub/PhyPraktikum/Versuch_Titel/00 Cover/Cover.tex:35: Undefined control sequence.
<argument> \textcolor 
                      {\farbe }{\textbf {\fach }}
l.35 ...leline{\textcolor{\farbe}{\textbf{\fach}}}
                                                  \par}
The control sequence at the end of the top line
of your error message was never \def'ed. If you have
misspelled it (e.g., `\hobx'), type `I' and the correct
spelling (e.g., `I\hbox'). Otherwise just continue,
and I'll forget about whatever was undefined.


LaTeX Font Warning: Font shape `OT1/cmss/bx/n' in size <40> not available
(Font)              size <24.88> substituted on input line 35.

c:/Users/manue/Documents/GitHub/PhyPraktikum/Versuch_Titel/00 Cover/Cover.tex:37: Undefined control sequence.
l.37 	{\Large
             \sffamily \ruleline{\name}\par}
The control sequence at the end of the top line
of your error message was never \def'ed. If you have
misspelled it (e.g., `\hobx'), type `I' and the correct
spelling (e.g., `I\hbox'). Otherwise just continue,
and I'll forget about whatever was undefined.


c:/Users/manue/Documents/GitHub/PhyPraktikum/Versuch_Titel/00 Cover/Cover.tex:37: LaTeX Error: Missing \begin{document}.

See the LaTeX manual or LaTeX Companion for explanation.
Type  H <return>  for immediate help.
 ...                                              
                                                  
l.37 	{\Large\sffamily \ruleline{\name}
                                       \par}
You're in trouble here.  Try typing  <return>  to proceed.
If that doesn't work, type  X <return>  to quit.

c:/Users/manue/Documents/GitHub/PhyPraktikum/Versuch_Titel/00 Cover/Cover.tex:41: Undefined control sequence.
l.41 	\ifthenelse
                 {\equal{\uberschrift}{s}} {\def\titel{Skript}}	
The control sequence at the end of the top line
of your error message was never \def'ed. If you have
misspelled it (e.g., `\hobx'), type `I' and the correct
spelling (e.g., `I\hbox'). Otherwise just continue,
and I'll forget about whatever was undefined.

c:/Users/manue/Documents/GitHub/PhyPraktikum/Versuch_Titel/00 Cover/Cover.tex:41: Undefined control sequence.
l.41 	\ifthenelse{\equal
                        {\uberschrift}{s}} {\def\titel{Skript}}	
The control sequence at the end of the top line
of your error message was never \def'ed. If you have
misspelled it (e.g., `\hobx'), type `I' and the correct
spelling (e.g., `I\hbox'). Otherwise just continue,
and I'll forget about whatever was undefined.


c:/Users/manue/Documents/GitHub/PhyPraktikum/Versuch_Titel/00 Cover/Cover.tex:41: LaTeX Error: Missing \begin{document}.

See the LaTeX manual or LaTeX Companion for explanation.
Type  H <return>  for immediate help.
 ...                                              
                                                  
l.41 	\ifthenelse{\equal{\uberschrift
                                     }{s}} {\def\titel{Skript}}	
You're in trouble here.  Try typing  <return>  to proceed.
If that doesn't work, type  X <return>  to quit.

Missing character: There is no e in font nullfont!
Missing character: There is no s in font nullfont!
c:/Users/manue/Documents/GitHub/PhyPraktikum/Versuch_Titel/00 Cover/Cover.tex:42: Undefined control sequence.
l.42 		{\ifthenelse
                   {\equal{\uberschrift}{k}} {\def\titel{Klausur}}
The control sequence at the end of the top line
of your error message was never \def'ed. If you have
misspelled it (e.g., `\hobx'), type `I' and the correct
spelling (e.g., `I\hbox'). Otherwise just continue,
and I'll forget about whatever was undefined.

c:/Users/manue/Documents/GitHub/PhyPraktikum/Versuch_Titel/00 Cover/Cover.tex:42: Undefined control sequence.
l.42 		{\ifthenelse{\equal
                          {\uberschrift}{k}} {\def\titel{Klausur}}
The control sequence at the end of the top line
of your error message was never \def'ed. If you have
misspelled it (e.g., `\hobx'), type `I' and the correct
spelling (e.g., `I\hbox'). Otherwise just continue,
and I'll forget about whatever was undefined.

Missing character: There is no e in font nullfont!
Missing character: There is no k in font nullfont!
c:/Users/manue/Documents/GitHub/PhyPraktikum/Versuch_Titel/00 Cover/Cover.tex:43: Undefined control sequence.
l.43 			{\ifthenelse
                    {\equal{\uberschrift}{u}} {\def\titel{Übung}}
The control sequence at the end of the top line
of your error message was never \def'ed. If you have
misspelled it (e.g., `\hobx'), type `I' and the correct
spelling (e.g., `I\hbox'). Otherwise just continue,
and I'll forget about whatever was undefined.

c:/Users/manue/Documents/GitHub/PhyPraktikum/Versuch_Titel/00 Cover/Cover.tex:43: Undefined control sequence.
l.43 			{\ifthenelse{\equal
                           {\uberschrift}{u}} {\def\titel{Übung}}
The control sequence at the end of the top line
of your error message was never \def'ed. If you have
misspelled it (e.g., `\hobx'), type `I' and the correct
spelling (e.g., `I\hbox'). Otherwise just continue,
and I'll forget about whatever was undefined.

Missing character: There is no e in font nullfont!
Missing character: There is no u in font nullfont!
c:/Users/manue/Documents/GitHub/PhyPraktikum/Versuch_Titel/00 Cover/Cover.tex:44: Undefined control sequence.
l.44 				{\ifthenelse
                     {\equal{\uberschrift}{e}} {\def\titel{Klausur \\[0,5cm]...
The control sequence at the end of the top line
of your error message was never \def'ed. If you have
misspelled it (e.g., `\hobx'), type `I' and the correct
spelling (e.g., `I\hbox'). Otherwise just continue,
and I'll forget about whatever was undefined.

c:/Users/manue/Documents/GitHub/PhyPraktikum/Versuch_Titel/00 Cover/Cover.tex:44: Undefined control sequence.
l.44 				{\ifthenelse{\equal
                            {\uberschrift}{e}} {\def\titel{Klausur \\[0,5cm]...
The control sequence at the end of the top line
of your error message was never \def'ed. If you have
misspelled it (e.g., `\hobx'), type `I' and the correct
spelling (e.g., `I\hbox'). Otherwise just continue,
and I'll forget about whatever was undefined.

Missing character: There is no e in font nullfont!
Missing character: There is no e in font nullfont!
c:/Users/manue/Documents/GitHub/PhyPraktikum/Versuch_Titel/00 Cover/Cover.tex:50: Undefined control sequence.
l.50 	\IfSubStr
                {\titel} {\\[0,5cm]} {\setboolean{twoRows}{true}} {\setboole...
The control sequence at the end of the top line
of your error message was never \def'ed. If you have
misspelled it (e.g., `\hobx'), type `I' and the correct
spelling (e.g., `I\hbox'). Otherwise just continue,
and I'll forget about whatever was undefined.

c:/Users/manue/Documents/GitHub/PhyPraktikum/Versuch_Titel/00 Cover/Cover.tex:50: Undefined control sequence.
l.50 	\IfSubStr {\titel
                       } {\\[0,5cm]} {\setboolean{twoRows}{true}} {\setboole...
The control sequence at the end of the top line
of your error message was never \def'ed. If you have
misspelled it (e.g., `\hobx'), type `I' and the correct
spelling (e.g., `I\hbox'). Otherwise just continue,
and I'll forget about whatever was undefined.


c:/Users/manue/Documents/GitHub/PhyPraktikum/Versuch_Titel/00 Cover/Cover.tex:50: LaTeX Error: There's no line here to end.

See the LaTeX manual or LaTeX Companion for explanation.
Type  H <return>  for immediate help.
 ...                                              
                                                  
l.50 	\IfSubStr {\titel} {\\
                            [0,5cm]} {\setboolean{twoRows}{true}} {\setboole...
Your command was ignored.
Type  I <command> <return>  to replace it with another command,
or  <return>  to continue without it.

c:/Users/manue/Documents/GitHub/PhyPraktikum/Versuch_Titel/00 Cover/Cover.tex:50: Undefined control sequence.
l.50 	\IfSubStr {\titel} {\\[0,5cm]} {\setboolean
                                                 {twoRows}{true}} {\setboole...
The control sequence at the end of the top line
of your error message was never \def'ed. If you have
misspelled it (e.g., `\hobx'), type `I' and the correct
spelling (e.g., `I\hbox'). Otherwise just continue,
and I'll forget about whatever was undefined.


c:/Users/manue/Documents/GitHub/PhyPraktikum/Versuch_Titel/00 Cover/Cover.tex:50: LaTeX Error: Missing \begin{document}.

See the LaTeX manual or LaTeX Companion for explanation.
Type  H <return>  for immediate help.
 ...                                              
                                                  
l.50 ...SubStr {\titel} {\\[0,5cm]} {\setboolean{t
                                                  woRows}{true}} {\setboolea...
You're in trouble here.  Try typing  <return>  to proceed.
If that doesn't work, type  X <return>  to quit.

Missing character: There is no t in font nullfont!
Missing character: There is no w in font nullfont!
Missing character: There is no o in font nullfont!
Missing character: There is no R in font nullfont!
Missing character: There is no o in font nullfont!
Missing character: There is no w in font nullfont!
Missing character: There is no s in font nullfont!
Missing character: There is no t in font nullfont!
Missing character: There is no r in font nullfont!
Missing character: There is no u in font nullfont!
Missing character: There is no e in font nullfont!
c:/Users/manue/Documents/GitHub/PhyPraktikum/Versuch_Titel/00 Cover/Cover.tex:50: Undefined control sequence.
l.50 ... {\setboolean{twoRows}{true}} {\setboolean
                                                  {twoRows}{false}}				
The control sequence at the end of the top line
of your error message was never \def'ed. If you have
misspelled it (e.g., `\hobx'), type `I' and the correct
spelling (e.g., `I\hbox'). Otherwise just continue,
and I'll forget about whatever was undefined.

Missing character: There is no t in font nullfont!
Missing character: There is no w in font nullfont!
Missing character: There is no o in font nullfont!
Missing character: There is no R in font nullfont!
Missing character: There is no o in font nullfont!
Missing character: There is no w in font nullfont!
Missing character: There is no s in font nullfont!
Missing character: There is no f in font nullfont!
Missing character: There is no a in font nullfont!
Missing character: There is no l in font nullfont!
Missing character: There is no s in font nullfont!
Missing character: There is no e in font nullfont!
c:/Users/manue/Documents/GitHub/PhyPraktikum/Versuch_Titel/00 Cover/Cover.tex:52: Undefined control sequence.
l.52 	\ifthenelse
                 {\boolean{twoRows}}
The control sequence at the end of the top line
of your error message was never \def'ed. If you have
misspelled it (e.g., `\hobx'), type `I' and the correct
spelling (e.g., `I\hbox'). Otherwise just continue,
and I'll forget about whatever was undefined.

c:/Users/manue/Documents/GitHub/PhyPraktikum/Versuch_Titel/00 Cover/Cover.tex:52: Undefined control sequence.
l.52 	\ifthenelse{\boolean
                          {twoRows}}
The control sequence at the end of the top line
of your error message was never \def'ed. If you have
misspelled it (e.g., `\hobx'), type `I' and the correct
spelling (e.g., `I\hbox'). Otherwise just continue,
and I'll forget about whatever was undefined.


c:/Users/manue/Documents/GitHub/PhyPraktikum/Versuch_Titel/00 Cover/Cover.tex:52: LaTeX Error: Missing \begin{document}.

See the LaTeX manual or LaTeX Companion for explanation.
Type  H <return>  for immediate help.
 ...                                              
                                                  
l.52 	\ifthenelse{\boolean{t
                            woRows}}
You're in trouble here.  Try typing  <return>  to proceed.
If that doesn't work, type  X <return>  to quit.

Missing character: There is no t in font nullfont!
Missing character: There is no w in font nullfont!
Missing character: There is no o in font nullfont!
Missing character: There is no R in font nullfont!
Missing character: There is no o in font nullfont!
Missing character: There is no w in font nullfont!
Missing character: There is no s in font nullfont!

c:/Users/manue/Documents/GitHub/PhyPraktikum/Versuch_Titel/00 Cover/Cover.tex:54: LaTeX Error: Environment textblock* undefined.

See the LaTeX manual or LaTeX Companion for explanation.
Type  H <return>  for immediate help.
 ...                                              
                                                  
l.54 			\begin{textblock*}
                          {21cm}(0cm,8cm) % {block width} (coords), centered		
Your command was ignored.
Type  I <command> <return>  to replace it with another command,
or  <return>  to continue without it.

Missing character: There is no 2 in font nullfont!
Missing character: There is no 1 in font nullfont!
Missing character: There is no c in font nullfont!
Missing character: There is no m in font nullfont!
Missing character: There is no ( in font nullfont!
Missing character: There is no 0 in font nullfont!
Missing character: There is no c in font nullfont!
Missing character: There is no m in font nullfont!
Missing character: There is no , in font nullfont!
Missing character: There is no 8 in font nullfont!
Missing character: There is no c in font nullfont!
Missing character: There is no m in font nullfont!
Missing character: There is no ) in font nullfont!

LaTeX Font Warning: Font shape `OT1/cmss/m/n' in size <70> not available
(Font)              size <24.88> substituted on input line 55.

c:/Users/manue/Documents/GitHub/PhyPraktikum/Versuch_Titel/00 Cover/Cover.tex:55: Undefined control sequence.
l.55 ...size{\schriftgrosse}{0}\sffamily\textcolor
                                                  {\farbe}{\textbf{\titel}}\...
The control sequence at the end of the top line
of your error message was never \def'ed. If you have
misspelled it (e.g., `\hobx'), type `I' and the correct
spelling (e.g., `I\hbox'). Otherwise just continue,
and I'll forget about whatever was undefined.


LaTeX Font Warning: Font shape `OT1/cmss/bx/n' in size <70> not available
(Font)              size <24.88> substituted on input line 55.

c:/Users/manue/Documents/GitHub/PhyPraktikum/Versuch_Titel/00 Cover/Cover.tex:55: Undefined control sequence.
<recently read> \titel 
                       
l.55 ...sffamily\textcolor{\farbe}{\textbf{\titel}
                                                  }\par}
The control sequence at the end of the top line
of your error message was never \def'ed. If you have
misspelled it (e.g., `\hobx'), type `I' and the correct
spelling (e.g., `I\hbox'). Otherwise just continue,
and I'll forget about whatever was undefined.


Overfull \hbox (35.99507pt too wide) in paragraph at lines 52--55
 \OT1/cmss/m/n/24.88 No- 
 []


Overfull \hbox (27.46628pt too wide) in paragraph at lines 52--55
 \OT1/cmss/m/n/24.88 ta- 
 []


Overfull \hbox (52.50282pt too wide) in paragraph at lines 52--55
 \OT1/cmss/m/n/24.88 green 
 []


c:/Users/manue/Documents/GitHub/PhyPraktikum/Versuch_Titel/00 Cover/Cover.tex:56: LaTeX Error: \begin{document} ended by \end{textblock*}.

See the LaTeX manual or LaTeX Companion for explanation.
Type  H <return>  for immediate help.
 ...                                              
                                                  
l.56 			\end{textblock*}
                        
Your command was ignored.
Type  I <command> <return>  to replace it with another command,
or  <return>  to continue without it.


c:/Users/manue/Documents/GitHub/PhyPraktikum/Versuch_Titel/00 Cover/Cover.tex:59: LaTeX Error: Environment textblock* undefined.

See the LaTeX manual or LaTeX Companion for explanation.
Type  H <return>  for immediate help.
 ...                                              
                                                  
l.59 			\begin{textblock*}
                          {21cm}(0cm,9cm) % {block width} (coords), centered		
Your command was ignored.
Type  I <command> <return>  to replace it with another command,
or  <return>  to continue without it.


c:/Users/manue/Documents/GitHub/PhyPraktikum/Versuch_Titel/00 Cover/Cover.tex:59: LaTeX Error: Missing \begin{document}.

See the LaTeX manual or LaTeX Companion for explanation.
Type  H <return>  for immediate help.
 ...                                              
                                                  
l.59 			\begin{textblock*}{2
                            1cm}(0cm,9cm) % {block width} (coords), centered		
You're in trouble here.  Try typing  <return>  to proceed.
If that doesn't work, type  X <return>  to quit.

Missing character: There is no 2 in font nullfont!
Missing character: There is no 1 in font nullfont!
Missing character: There is no c in font nullfont!
Missing character: There is no m in font nullfont!
Missing character: There is no ( in font nullfont!
Missing character: There is no 0 in font nullfont!
Missing character: There is no c in font nullfont!
Missing character: There is no m in font nullfont!
Missing character: There is no , in font nullfont!
Missing character: There is no 9 in font nullfont!
Missing character: There is no c in font nullfont!
Missing character: There is no m in font nullfont!
Missing character: There is no ) in font nullfont!
c:/Users/manue/Documents/GitHub/PhyPraktikum/Versuch_Titel/00 Cover/Cover.tex:60: Undefined control sequence.
l.60 ...size{\schriftgrosse}{0}\sffamily\textcolor
                                                  {\farbe}{\textbf{\titel}}\...
The control sequence at the end of the top line
of your error message was never \def'ed. If you have
misspelled it (e.g., `\hobx'), type `I' and the correct
spelling (e.g., `I\hbox'). Otherwise just continue,
and I'll forget about whatever was undefined.

c:/Users/manue/Documents/GitHub/PhyPraktikum/Versuch_Titel/00 Cover/Cover.tex:60: Undefined control sequence.
<recently read> \titel 
                       
l.60 ...sffamily\textcolor{\farbe}{\textbf{\titel}
                                                  }\par}
The control sequence at the end of the top line
of your error message was never \def'ed. If you have
misspelled it (e.g., `\hobx'), type `I' and the correct
spelling (e.g., `I\hbox'). Otherwise just continue,
and I'll forget about whatever was undefined.


Overfull \hbox (35.99507pt too wide) in paragraph at lines 59--60
 \OT1/cmss/m/n/24.88 No- 
 []


Overfull \hbox (27.46628pt too wide) in paragraph at lines 59--60
 \OT1/cmss/m/n/24.88 ta- 
 []


Overfull \hbox (52.50282pt too wide) in paragraph at lines 59--60
 \OT1/cmss/m/n/24.88 green 
 []


c:/Users/manue/Documents/GitHub/PhyPraktikum/Versuch_Titel/00 Cover/Cover.tex:61: LaTeX Error: \begin{document} ended by \end{textblock*}.

See the LaTeX manual or LaTeX Companion for explanation.
Type  H <return>  for immediate help.
 ...                                              
                                                  
l.61 			\end{textblock*}
                        
Your command was ignored.
Type  I <command> <return>  to replace it with another command,
or  <return>  to continue without it.

c:/Users/manue/Documents/GitHub/PhyPraktikum/Versuch_Titel/00 Cover/Cover.tex:65: Undefined control sequence.
l.65 	\ifthenelse
                  {\equal{\farbe}{Notared}} {\def\logo{justLogo/UniBTNotared}}
The control sequence at the end of the top line
of your error message was never \def'ed. If you have
misspelled it (e.g., `\hobx'), type `I' and the correct
spelling (e.g., `I\hbox'). Otherwise just continue,
and I'll forget about whatever was undefined.

c:/Users/manue/Documents/GitHub/PhyPraktikum/Versuch_Titel/00 Cover/Cover.tex:65: Undefined control sequence.
l.65 	\ifthenelse {\equal
                         {\farbe}{Notared}} {\def\logo{justLogo/UniBTNotared}}
The control sequence at the end of the top line
of your error message was never \def'ed. If you have
misspelled it (e.g., `\hobx'), type `I' and the correct
spelling (e.g., `I\hbox'). Otherwise just continue,
and I'll forget about whatever was undefined.


c:/Users/manue/Documents/GitHub/PhyPraktikum/Versuch_Titel/00 Cover/Cover.tex:65: LaTeX Error: Missing \begin{document}.

See the LaTeX manual or LaTeX Companion for explanation.
Type  H <return>  for immediate help.
 ...                                              
                                                  
l.65 	\ifthenelse {\equal{\farbe
                                }{Notared}} {\def\logo{justLogo/UniBTNotared}}
You're in trouble here.  Try typing  <return>  to proceed.
If that doesn't work, type  X <return>  to quit.

Missing character: There is no N in font nullfont!
Missing character: There is no o in font nullfont!
Missing character: There is no t in font nullfont!
Missing character: There is no a in font nullfont!
Missing character: There is no g in font nullfont!
Missing character: There is no r in font nullfont!
Missing character: There is no e in font nullfont!
Missing character: There is no e in font nullfont!
Missing character: There is no n in font nullfont!
Missing character: There is no N in font nullfont!
Missing character: There is no o in font nullfont!
Missing character: There is no t in font nullfont!
Missing character: There is no a in font nullfont!
Missing character: There is no r in font nullfont!
Missing character: There is no e in font nullfont!
Missing character: There is no d in font nullfont!
c:/Users/manue/Documents/GitHub/PhyPraktikum/Versuch_Titel/00 Cover/Cover.tex:66: Undefined control sequence.
l.66 		{\ifthenelse
                    {\equal{\farbe}{Notagreen}} {\def\logo{justLogo/UniBTNot...
The control sequence at the end of the top line
of your error message was never \def'ed. If you have
misspelled it (e.g., `\hobx'), type `I' and the correct
spelling (e.g., `I\hbox'). Otherwise just continue,
and I'll forget about whatever was undefined.

c:/Users/manue/Documents/GitHub/PhyPraktikum/Versuch_Titel/00 Cover/Cover.tex:66: Undefined control sequence.
l.66 		{\ifthenelse {\equal
                           {\farbe}{Notagreen}} {\def\logo{justLogo/UniBTNot...
The control sequence at the end of the top line
of your error message was never \def'ed. If you have
misspelled it (e.g., `\hobx'), type `I' and the correct
spelling (e.g., `I\hbox'). Otherwise just continue,
and I'll forget about whatever was undefined.

Missing character: There is no N in font nullfont!
Missing character: There is no o in font nullfont!
Missing character: There is no t in font nullfont!
Missing character: There is no a in font nullfont!
Missing character: There is no g in font nullfont!
Missing character: There is no r in font nullfont!
Missing character: There is no e in font nullfont!
Missing character: There is no e in font nullfont!
Missing character: There is no n in font nullfont!
Missing character: There is no N in font nullfont!
Missing character: There is no o in font nullfont!
Missing character: There is no t in font nullfont!
Missing character: There is no a in font nullfont!
Missing character: There is no g in font nullfont!
Missing character: There is no r in font nullfont!
Missing character: There is no e in font nullfont!
Missing character: There is no e in font nullfont!
Missing character: There is no n in font nullfont!
c:/Users/manue/Documents/GitHub/PhyPraktikum/Versuch_Titel/00 Cover/Cover.tex:67: Undefined control sequence.
l.67 			{\ifthenelse
                     {\equal{\farbe}{Notablue}} {\def\logo{justLogo/UniBTNot...
The control sequence at the end of the top line
of your error message was never \def'ed. If you have
misspelled it (e.g., `\hobx'), type `I' and the correct
spelling (e.g., `I\hbox'). Otherwise just continue,
and I'll forget about whatever was undefined.

c:/Users/manue/Documents/GitHub/PhyPraktikum/Versuch_Titel/00 Cover/Cover.tex:67: Undefined control sequence.
l.67 			{\ifthenelse {\equal
                            {\farbe}{Notablue}} {\def\logo{justLogo/UniBTNot...
The control sequence at the end of the top line
of your error message was never \def'ed. If you have
misspelled it (e.g., `\hobx'), type `I' and the correct
spelling (e.g., `I\hbox'). Otherwise just continue,
and I'll forget about whatever was undefined.

Missing character: There is no N in font nullfont!
Missing character: There is no o in font nullfont!
Missing character: There is no t in font nullfont!
Missing character: There is no a in font nullfont!
Missing character: There is no g in font nullfont!
Missing character: There is no r in font nullfont!
Missing character: There is no e in font nullfont!
Missing character: There is no e in font nullfont!
Missing character: There is no n in font nullfont!
Missing character: There is no N in font nullfont!
Missing character: There is no o in font nullfont!
Missing character: There is no t in font nullfont!
Missing character: There is no a in font nullfont!
Missing character: There is no b in font nullfont!
Missing character: There is no l in font nullfont!
Missing character: There is no u in font nullfont!
Missing character: There is no e in font nullfont!
c:/Users/manue/Documents/GitHub/PhyPraktikum/Versuch_Titel/00 Cover/Cover.tex:68: Undefined control sequence.
l.68 				{\ifthenelse
                      {\equal{\farbe}{Notaorange}} {\def\logo{justLogo/UniBT...
The control sequence at the end of the top line
of your error message was never \def'ed. If you have
misspelled it (e.g., `\hobx'), type `I' and the correct
spelling (e.g., `I\hbox'). Otherwise just continue,
and I'll forget about whatever was undefined.

c:/Users/manue/Documents/GitHub/PhyPraktikum/Versuch_Titel/00 Cover/Cover.tex:68: Undefined control sequence.
l.68 				{\ifthenelse {\equal
                             {\farbe}{Notaorange}} {\def\logo{justLogo/UniBT...
The control sequence at the end of the top line
of your error message was never \def'ed. If you have
misspelled it (e.g., `\hobx'), type `I' and the correct
spelling (e.g., `I\hbox'). Otherwise just continue,
and I'll forget about whatever was undefined.

Missing character: There is no N in font nullfont!
Missing character: There is no o in font nullfont!
Missing character: There is no t in font nullfont!
Missing character: There is no a in font nullfont!
Missing character: There is no g in font nullfont!
Missing character: There is no r in font nullfont!
Missing character: There is no e in font nullfont!
Missing character: There is no e in font nullfont!
Missing character: There is no n in font nullfont!
Missing character: There is no N in font nullfont!
Missing character: There is no o in font nullfont!
Missing character: There is no t in font nullfont!
Missing character: There is no a in font nullfont!
Missing character: There is no o in font nullfont!
Missing character: There is no r in font nullfont!
Missing character: There is no a in font nullfont!
Missing character: There is no n in font nullfont!
Missing character: There is no g in font nullfont!
Missing character: There is no e in font nullfont!
c:/Users/manue/Documents/GitHub/PhyPraktikum/Versuch_Titel/00 Cover/Cover.tex:69: Undefined control sequence.
l.69 					{\ifthenelse
                       {\equal{\farbe}{Notagrey}} {\def\logo{justLogo/UniBTN...
The control sequence at the end of the top line
of your error message was never \def'ed. If you have
misspelled it (e.g., `\hobx'), type `I' and the correct
spelling (e.g., `I\hbox'). Otherwise just continue,
and I'll forget about whatever was undefined.

c:/Users/manue/Documents/GitHub/PhyPraktikum/Versuch_Titel/00 Cover/Cover.tex:69: Undefined control sequence.
l.69 					{\ifthenelse {\equal
                              {\farbe}{Notagrey}} {\def\logo{justLogo/UniBTN...
The control sequence at the end of the top line
of your error message was never \def'ed. If you have
misspelled it (e.g., `\hobx'), type `I' and the correct
spelling (e.g., `I\hbox'). Otherwise just continue,
and I'll forget about whatever was undefined.

Missing character: There is no N in font nullfont!
Missing character: There is no o in font nullfont!
Missing character: There is no t in font nullfont!
Missing character: There is no a in font nullfont!
Missing character: There is no g in font nullfont!
Missing character: There is no r in font nullfont!
Missing character: There is no e in font nullfont!
Missing character: There is no e in font nullfont!
Missing character: There is no n in font nullfont!
Missing character: There is no N in font nullfont!
Missing character: There is no o in font nullfont!
Missing character: There is no t in font nullfont!
Missing character: There is no a in font nullfont!
Missing character: There is no g in font nullfont!
Missing character: There is no r in font nullfont!
Missing character: There is no e in font nullfont!
Missing character: There is no y in font nullfont!
c:/Users/manue/Documents/GitHub/PhyPraktikum/Versuch_Titel/00 Cover/Cover.tex:70: Undefined control sequence.
l.70 						{\ifthenelse
                        {\equal{\farbe}{Notalavendel}} {\def\logo{justLogo/U...
The control sequence at the end of the top line
of your error message was never \def'ed. If you have
misspelled it (e.g., `\hobx'), type `I' and the correct
spelling (e.g., `I\hbox'). Otherwise just continue,
and I'll forget about whatever was undefined.

c:/Users/manue/Documents/GitHub/PhyPraktikum/Versuch_Titel/00 Cover/Cover.tex:70: Undefined control sequence.
l.70 						{\ifthenelse {\equal
                               {\farbe}{Notalavendel}} {\def\logo{justLogo/U...
The control sequence at the end of the top line
of your error message was never \def'ed. If you have
misspelled it (e.g., `\hobx'), type `I' and the correct
spelling (e.g., `I\hbox'). Otherwise just continue,
and I'll forget about whatever was undefined.

Missing character: There is no N in font nullfont!
Missing character: There is no o in font nullfont!
Missing character: There is no t in font nullfont!
Missing character: There is no a in font nullfont!
Missing character: There is no g in font nullfont!
Missing character: There is no r in font nullfont!
Missing character: There is no e in font nullfont!
Missing character: There is no e in font nullfont!
Missing character: There is no n in font nullfont!
Missing character: There is no N in font nullfont!
Missing character: There is no o in font nullfont!
Missing character: There is no t in font nullfont!
Missing character: There is no a in font nullfont!
Missing character: There is no l in font nullfont!
Missing character: There is no a in font nullfont!
Missing character: There is no v in font nullfont!
Missing character: There is no e in font nullfont!
Missing character: There is no n in font nullfont!
Missing character: There is no d in font nullfont!
Missing character: There is no e in font nullfont!
Missing character: There is no l in font nullfont!
c:/Users/manue/Documents/GitHub/PhyPraktikum/Versuch_Titel/00 Cover/Cover.tex:71: Undefined control sequence.
l.71 							{\ifthenelse
                         {\equal{\farbe}{black}} {\def\logo{justLogo/UniBT}}	
The control sequence at the end of the top line
of your error message was never \def'ed. If you have
misspelled it (e.g., `\hobx'), type `I' and the correct
spelling (e.g., `I\hbox'). Otherwise just continue,
and I'll forget about whatever was undefined.

c:/Users/manue/Documents/GitHub/PhyPraktikum/Versuch_Titel/00 Cover/Cover.tex:71: Undefined control sequence.
l.71 							{\ifthenelse {\equal
                                {\farbe}{black}} {\def\logo{justLogo/UniBT}}	
The control sequence at the end of the top line
of your error message was never \def'ed. If you have
misspelled it (e.g., `\hobx'), type `I' and the correct
spelling (e.g., `I\hbox'). Otherwise just continue,
and I'll forget about whatever was undefined.

Missing character: There is no N in font nullfont!
Missing character: There is no o in font nullfont!
Missing character: There is no t in font nullfont!
Missing character: There is no a in font nullfont!
Missing character: There is no g in font nullfont!
Missing character: There is no r in font nullfont!
Missing character: There is no e in font nullfont!
Missing character: There is no e in font nullfont!
Missing character: There is no n in font nullfont!
Missing character: There is no b in font nullfont!
Missing character: There is no l in font nullfont!
Missing character: There is no a in font nullfont!
Missing character: There is no c in font nullfont!
Missing character: There is no k in font nullfont!
c:/Users/manue/Documents/GitHub/PhyPraktikum/Versuch_Titel/00 Cover/Cover.tex:72: Undefined control sequence.
l.72 								{\ifthenelse
                          {\equal{\farbe}{SPKred}} {\def\logo{justLogo/Spark...
The control sequence at the end of the top line
of your error message was never \def'ed. If you have
misspelled it (e.g., `\hobx'), type `I' and the correct
spelling (e.g., `I\hbox'). Otherwise just continue,
and I'll forget about whatever was undefined.

c:/Users/manue/Documents/GitHub/PhyPraktikum/Versuch_Titel/00 Cover/Cover.tex:72: Undefined control sequence.
l.72 								{\ifthenelse {\equal
                                 {\farbe}{SPKred}} {\def\logo{justLogo/Spark...
The control sequence at the end of the top line
of your error message was never \def'ed. If you have
misspelled it (e.g., `\hobx'), type `I' and the correct
spelling (e.g., `I\hbox'). Otherwise just continue,
and I'll forget about whatever was undefined.

Missing character: There is no N in font nullfont!
Missing character: There is no o in font nullfont!
Missing character: There is no t in font nullfont!
Missing character: There is no a in font nullfont!
Missing character: There is no g in font nullfont!
Missing character: There is no r in font nullfont!
Missing character: There is no e in font nullfont!
Missing character: There is no e in font nullfont!
Missing character: There is no n in font nullfont!
Missing character: There is no S in font nullfont!
Missing character: There is no P in font nullfont!
Missing character: There is no K in font nullfont!
Missing character: There is no r in font nullfont!
Missing character: There is no e in font nullfont!
Missing character: There is no d in font nullfont!
c:/Users/manue/Documents/GitHub/PhyPraktikum/Versuch_Titel/00 Cover/Cover.tex:82: Undefined control sequence.
l.82 	\IfSubStr
               {\logo}{noLogo}{\setboolean{symbol}{false}}{\setboolean{symbo...
The control sequence at the end of the top line
of your error message was never \def'ed. If you have
misspelled it (e.g., `\hobx'), type `I' and the correct
spelling (e.g., `I\hbox'). Otherwise just continue,
and I'll forget about whatever was undefined.

c:/Users/manue/Documents/GitHub/PhyPraktikum/Versuch_Titel/00 Cover/Cover.tex:82: Undefined control sequence.
l.82 	\IfSubStr{\logo
                     }{noLogo}{\setboolean{symbol}{false}}{\setboolean{symbo...
The control sequence at the end of the top line
of your error message was never \def'ed. If you have
misspelled it (e.g., `\hobx'), type `I' and the correct
spelling (e.g., `I\hbox'). Otherwise just continue,
and I'll forget about whatever was undefined.


c:/Users/manue/Documents/GitHub/PhyPraktikum/Versuch_Titel/00 Cover/Cover.tex:82: LaTeX Error: Missing \begin{document}.

See the LaTeX manual or LaTeX Companion for explanation.
Type  H <return>  for immediate help.
 ...                                              
                                                  
l.82 	\IfSubStr{\logo}{n
                        oLogo}{\setboolean{symbol}{false}}{\setboolean{symbo...
You're in trouble here.  Try typing  <return>  to proceed.
If that doesn't work, type  X <return>  to quit.

Missing character: There is no n in font nullfont!
Missing character: There is no o in font nullfont!
Missing character: There is no L in font nullfont!
Missing character: There is no o in font nullfont!
Missing character: There is no g in font nullfont!
Missing character: There is no o in font nullfont!
c:/Users/manue/Documents/GitHub/PhyPraktikum/Versuch_Titel/00 Cover/Cover.tex:82: Undefined control sequence.
l.82 	\IfSubStr{\logo}{noLogo}{\setboolean
                                          {symbol}{false}}{\setboolean{symbo...
The control sequence at the end of the top line
of your error message was never \def'ed. If you have
misspelled it (e.g., `\hobx'), type `I' and the correct
spelling (e.g., `I\hbox'). Otherwise just continue,
and I'll forget about whatever was undefined.

Missing character: There is no s in font nullfont!
Missing character: There is no y in font nullfont!
Missing character: There is no m in font nullfont!
Missing character: There is no b in font nullfont!
Missing character: There is no o in font nullfont!
Missing character: There is no l in font nullfont!
Missing character: There is no f in font nullfont!
Missing character: There is no a in font nullfont!
Missing character: There is no l in font nullfont!
Missing character: There is no s in font nullfont!
Missing character: There is no e in font nullfont!
c:/Users/manue/Documents/GitHub/PhyPraktikum/Versuch_Titel/00 Cover/Cover.tex:82: Undefined control sequence.
l.82 ...o}{\setboolean{symbol}{false}}{\setboolean
                                                  {symbol}{true}}
The control sequence at the end of the top line
of your error message was never \def'ed. If you have
misspelled it (e.g., `\hobx'), type `I' and the correct
spelling (e.g., `I\hbox'). Otherwise just continue,
and I'll forget about whatever was undefined.

Missing character: There is no s in font nullfont!
Missing character: There is no y in font nullfont!
Missing character: There is no m in font nullfont!
Missing character: There is no b in font nullfont!
Missing character: There is no o in font nullfont!
Missing character: There is no l in font nullfont!
Missing character: There is no t in font nullfont!
Missing character: There is no r in font nullfont!
Missing character: There is no u in font nullfont!
Missing character: There is no e in font nullfont!
c:/Users/manue/Documents/GitHub/PhyPraktikum/Versuch_Titel/00 Cover/Cover.tex:96: Undefined control sequence.
l.96 	\ifthenelse
                 {\boolean{symbol}}
The control sequence at the end of the top line
of your error message was never \def'ed. If you have
misspelled it (e.g., `\hobx'), type `I' and the correct
spelling (e.g., `I\hbox'). Otherwise just continue,
and I'll forget about whatever was undefined.

c:/Users/manue/Documents/GitHub/PhyPraktikum/Versuch_Titel/00 Cover/Cover.tex:96: Undefined control sequence.
l.96 	\ifthenelse{\boolean
                          {symbol}}
The control sequence at the end of the top line
of your error message was never \def'ed. If you have
misspelled it (e.g., `\hobx'), type `I' and the correct
spelling (e.g., `I\hbox'). Otherwise just continue,
and I'll forget about whatever was undefined.


c:/Users/manue/Documents/GitHub/PhyPraktikum/Versuch_Titel/00 Cover/Cover.tex:96: LaTeX Error: Missing \begin{document}.

See the LaTeX manual or LaTeX Companion for explanation.
Type  H <return>  for immediate help.
 ...                                              
                                                  
l.96 	\ifthenelse{\boolean{s
                            ymbol}}
You're in trouble here.  Try typing  <return>  to proceed.
If that doesn't work, type  X <return>  to quit.

Missing character: There is no s in font nullfont!
Missing character: There is no y in font nullfont!
Missing character: There is no m in font nullfont!
Missing character: There is no b in font nullfont!
Missing character: There is no o in font nullfont!
Missing character: There is no l in font nullfont!

c:/Users/manue/Documents/GitHub/PhyPraktikum/Versuch_Titel/00 Cover/Cover.tex:98: LaTeX Error: Environment figure undefined.

See the LaTeX manual or LaTeX Companion for explanation.
Type  H <return>  for immediate help.
 ...                                              
                                                  
l.98 			\begin{figure}
                      [h]
Your command was ignored.
Type  I <command> <return>  to replace it with another command,
or  <return>  to continue without it.

Missing character: There is no [ in font nullfont!
Missing character: There is no h in font nullfont!
Missing character: There is no ] in font nullfont!
c:/Users/manue/Documents/GitHub/PhyPraktikum/Versuch_Titel/00 Cover/Cover.tex:101: Undefined control sequence.
l.101 				\includegraphics
                          [width=2cm]{\logo}
The control sequence at the end of the top line
of your error message was never \def'ed. If you have
misspelled it (e.g., `\hobx'), type `I' and the correct
spelling (e.g., `I\hbox'). Otherwise just continue,
and I'll forget about whatever was undefined.

Missing character: There is no [ in font nullfont!
Missing character: There is no w in font nullfont!
Missing character: There is no i in font nullfont!
Missing character: There is no d in font nullfont!
Missing character: There is no t in font nullfont!
Missing character: There is no h in font nullfont!
Missing character: There is no = in font nullfont!
Missing character: There is no 2 in font nullfont!
Missing character: There is no c in font nullfont!
Missing character: There is no m in font nullfont!
Missing character: There is no ] in font nullfont!
c:/Users/manue/Documents/GitHub/PhyPraktikum/Versuch_Titel/00 Cover/Cover.tex:101: Undefined control sequence.
l.101 				\includegraphics[width=2cm]{\logo
                                           }
The control sequence at the end of the top line
of your error message was never \def'ed. If you have
misspelled it (e.g., `\hobx'), type `I' and the correct
spelling (e.g., `I\hbox'). Otherwise just continue,
and I'll forget about whatever was undefined.


c:/Users/manue/Documents/GitHub/PhyPraktikum/Versuch_Titel/00 Cover/Cover.tex:104: LaTeX Error: \begin{document} ended by \end{figure}.

See the LaTeX manual or LaTeX Companion for explanation.
Type  H <return>  for immediate help.
 ...                                              
                                                  
l.104 			\end{figure}
                     
Your command was ignored.
Type  I <command> <return>  to replace it with another command,
or  <return>  to continue without it.


c:/Users/manue/Documents/GitHub/PhyPraktikum/Versuch_Titel/00 Cover/Cover.tex:107: LaTeX Error: \begin{document} ended by \end{titlepage}.

See the LaTeX manual or LaTeX Companion for explanation.
Type  H <return>  for immediate help.
 ...                                              
                                                  
l.107 \end{titlepage}
                     
Your command was ignored.
Type  I <command> <return>  to replace it with another command,
or  <return>  to continue without it.

)
! Emergency stop.
<*> ...Praktikum/Versuch_Titel/00 Cover/Cover.tex"
                                                  
*** (job aborted, no legal \end found)

 
Here is how much of TeX's memory you used:
 46 strings out of 479799
 949 string characters out of 2869722
 265509 words of memory out of 3000000
 17134 multiletter control sequences out of 15000+200000
 536287 words of font info for 33 fonts, out of 3000000 for 9000
 1141 hyphenation exceptions out of 8191
 23i,3n,25p,267b,195s stack positions out of 5000i,500n,10000p,200000b,50000s
!  ==> Fatal error occurred, no output PDF file produced!
